<?xml version="1.0" encoding="UTF-8"?>
<testng-results ignored="0" total="1" passed="1" failed="0" skipped="0">
  <reporter-output>
  </reporter-output>
  <suite started-at="2022-03-12T17:54:38 CST" name="Default suite" finished-at="2022-03-12T17:55:22 CST" duration-ms="43900">
    <groups>
    </groups>
    <test started-at="2022-03-12T17:54:38 CST" name="Default test" finished-at="2022-03-12T17:55:22 CST" duration-ms="43900">
      <class name="MavenProjectChrome.MavenProjectChrome.TC2">
        <test-method signature="ExecuteTC2()[pri:0, instance:MavenProjectChrome.MavenProjectChrome.TC2@4cc8eb05]" started-at="2022-03-12T17:54:38 CST" name="ExecuteTC2" finished-at="2022-03-12T17:55:22 CST" duration-ms="43864" status="PASS">
          <reporter-output>
          </reporter-output>
        </test-method> <!-- ExecuteTC2 -->
      </class> <!-- MavenProjectChrome.MavenProjectChrome.TC2 -->
    </test> <!-- Default test -->
  </suite> <!-- Default suite -->
</testng-results>
